This is XeTeX, Version 3.14159265-2.6-0.999991 (TeX Live 2019/Debian) (preloaded format=xelatex 2022.1.31)  28 MAR 2022 17:20
entering extended mode
 restricted \write18 enabled.
 %&-line parsing enabled.
**encontro_saberes_ouro_preto_handout.tex
(./encontro_saberes_ouro_preto_handout.tex
LaTeX2e <2020-02-02> patch level 2
L3 programming layer <2020-02-14> (/usr/share/texlive/texmf-dist/tex/latex/tuft
e-latex/tufte-handout.cls
Document Class: tufte-handout 2015/06/21 v3.5.2 Tufte-handout class
(/usr/share/texlive/texmf-dist/tex/latex/tufte-latex/tufte-common.def
File: tufte-common.def 2015/06/21 v3.5.2 Common code for the Tufte-LaTeX styles

(/usr/share/texlive/texmf-dist/tex/latex/xkeyval/xkeyval.sty
Package: xkeyval 2014/12/03 v2.7a package option processing (HA)
(/usr/share/texlive/texmf-dist/tex/generic/xkeyval/xkeyval.tex (/usr/share/texl
ive/texmf-dist/tex/generic/xkeyval/xkvutils.tex
\XKV@toks=\toks14
\XKV@tempa@toks=\toks15
(/usr/share/texlive/texmf-dist/tex/generic/xkeyval/keyval.tex))
\XKV@depth=\count163
File: xkeyval.tex 2014/12/03 v2.7a key=value parser (HA)
)) (/usr/share/texlive/texmf-dist/tex/latex/xifthen/xifthen.sty
Package: xifthen 2015/11/05 v1.4.0 Extended ifthen features
(/usr/share/texlive/texmf-dist/tex/latex/tools/calc.sty
Package: calc 2017/05/25 v4.3 Infix arithmetic (KKT,FJ)
\calc@Acount=\count164
\calc@Bcount=\count165
\calc@Adimen=\dimen134
\calc@Bdimen=\dimen135
\calc@Askip=\skip47
\calc@Bskip=\skip48
LaTeX Info: Redefining \setlength on input line 80.
LaTeX Info: Redefining \addtolength on input line 81.
\calc@Ccount=\count166
\calc@Cskip=\skip49
) (/usr/share/texlive/texmf-dist/tex/latex/base/ifthen.sty
Package: ifthen 2014/09/29 v1.1c Standard LaTeX ifthen package (DPC)
) (/usr/share/texlive/texmf-dist/tex/latex/ifmtarg/ifmtarg.sty
Package: ifmtarg 2018/04/16 v1.2b check for an empty argument
)) (/usr/share/texlive/texmf-dist/tex/latex/hardwrap/hardwrap.sty
Package: hardwrap 2011/02/12 v0.2 Hard wrap messages
(/usr/share/texlive/texmf-dist/tex/latex/ifplatform/ifplatform.sty
Package: ifplatform 2017/10/13 v0.4a Testing for the operating system
(/usr/share/texlive/texmf-dist/tex/latex/tools/shellesc.sty
Package: shellesc 2019/11/08 v1.0c unified shell escape interface for LaTeX
Package shellesc Info: Restricted shell escape enabled on input line 77.
) (/usr/share/texlive/texmf-dist/tex/latex/pdftexcmds/pdftexcmds.sty
Package: pdftexcmds 2019/11/24 v0.31 Utility functions of pdfTeX for LuaTeX (HO
)
(/usr/share/texlive/texmf-dist/tex/generic/infwarerr/infwarerr.sty
Package: infwarerr 2019/12/03 v1.5 Providing info/warning/error messages (HO)
) (/usr/share/texlive/texmf-dist/tex/generic/iftex/iftex.sty
Package: iftex 2019/11/07 v1.0c TeX engine tests
) (/usr/share/texlive/texmf-dist/tex/generic/ltxcmds/ltxcmds.sty
Package: ltxcmds 2019/12/15 v1.24 LaTeX kernel commands for general use (HO)
)
Package pdftexcmds Info: \pdf@primitive is available.
Package pdftexcmds Info: \pdf@ifprimitive is available.
Package pdftexcmds Info: \pdfdraftmode not found.
) (/usr/share/texlive/texmf-dist/tex/generic/catchfile/catchfile.sty
Package: catchfile 2019/12/09 v1.8 Catch the contents of a file (HO)
(/usr/share/texlive/texmf-dist/tex/generic/etexcmds/etexcmds.sty
Package: etexcmds 2019/12/15 v1.7 Avoid name clashes with e-TeX commands (HO)
)) (/usr/share/texlive/texmf-dist/tex/generic/iftex/ifluatex.sty
Package: ifluatex 2019/10/25 v1.5 ifluatex legacy package. Use iftex instead.
)

Package ifplatform Warning: 
    shell escape is disabled, so I can only detect \ifwindows.

) (/usr/share/texlive/texmf-dist/tex/generic/iftex/ifxetex.sty
Package: ifxetex 2019/10/25 v0.7 ifxetex legacy package. Use iftex instead.
)
\hw@charcount=\count167
\hw@wordcount=\count168
\hw@maxprintline=\count169
)
Class tufte-handout Info: Loading the base class `article'
(/usr/share/texlive/texmf-dist/tex/latex/base/article.cls
Document Class: article 2019/12/20 v1.4l Standard LaTeX document class
(/usr/share/texlive/texmf-dist/tex/latex/base/size10.clo
File: size10.clo 2019/12/20 v1.4l Standard LaTeX file (size option)
)
\c@part=\count170
\c@section=\count171
\c@subsection=\count172
\c@subsubsection=\count173
\c@paragraph=\count174
\c@subparagraph=\count175
\c@figure=\count176
\c@table=\count177
\abovecaptionskip=\skip50
\belowcaptionskip=\skip51
\bibindent=\dimen136
) (/usr/share/texlive/texmf-dist/tex/generic/iftex/ifpdf.sty
Package: ifpdf 2019/10/25 v3.4 ifpdf legacy package. Use iftex instead.
) (/usr/share/texlive/texmf-dist/tex/xelatex/xltxtra/xltxtra.sty
Package: xltxtra 2018/12/31 v0.7 Improvements for the "XeLaTeX" format
(/usr/share/texlive/texmf-dist/tex/latex/fontspec/fontspec.sty (/usr/share/texl
ive/texmf-dist/tex/latex/l3packages/xparse/xparse.sty (/usr/share/texlive/texmf
-dist/tex/latex/l3kernel/expl3.sty
Package: expl3 2020-02-14 L3 programming layer (loader) 
(/usr/share/texlive/texmf-dist/tex/latex/l3backend/l3backend-xdvipdfmx.def
File: l3backend-xdvipdfmx.def 2020-02-03 L3 backend support: xdvipdfmx
\g__graphics_track_int=\count178
\l__pdf_internal_box=\box45
\g__pdf_backend_object_int=\count179
\g__pdf_backend_annotation_int=\count180
))
Package: xparse 2020-02-14 L3 Experimental document command parser
\l__xparse_current_arg_int=\count181
\g__xparse_grabber_int=\count182
\l__xparse_m_args_int=\count183
\l__xparse_v_nesting_int=\count184
)
Package: fontspec 2020/02/03 v2.7h Font selection for XeLaTeX and LuaLaTeX
(/usr/share/texlive/texmf-dist/tex/latex/fontspec/fontspec-xetex.sty
Package: fontspec-xetex 2020/02/03 v2.7h Font selection for XeLaTeX and LuaLaTe
X
\l__fontspec_script_int=\count185
\l__fontspec_language_int=\count186
\l__fontspec_strnum_int=\count187
\l__fontspec_tmp_int=\count188
\l__fontspec_tmpa_int=\count189
\l__fontspec_tmpb_int=\count190
\l__fontspec_tmpc_int=\count191
\l__fontspec_em_int=\count192
\l__fontspec_emdef_int=\count193
\l__fontspec_strong_int=\count194
\l__fontspec_strongdef_int=\count195
\l__fontspec_tmpa_dim=\dimen137
\l__fontspec_tmpb_dim=\dimen138
\l__fontspec_tmpc_dim=\dimen139
(/usr/share/texlive/texmf-dist/tex/latex/base/fontenc.sty
Package: fontenc 2020/02/11 v2.0o Standard LaTeX package
) (/usr/share/texlive/texmf-dist/tex/latex/fontspec/fontspec.cfg))) (/usr/share
/texlive/texmf-dist/tex/latex/realscripts/realscripts.sty
Package: realscripts 2016/02/13 v0.3d Access OpenType subscripts and superscrip
ts
\subsupersep=\dimen140
) (/usr/share/texlive/texmf-dist/tex/latex/metalogo/metalogo.sty
Package: metalogo 2010/05/29 v0.12 Extended TeX logo macros
(/usr/share/texlive/texmf-dist/tex/latex/graphics/graphicx.sty
Package: graphicx 2019/11/30 v1.2a Enhanced LaTeX Graphics (DPC,SPQR)
(/usr/share/texlive/texmf-dist/tex/latex/graphics/graphics.sty
Package: graphics 2019/11/30 v1.4a Standard LaTeX Graphics (DPC,SPQR)
(/usr/share/texlive/texmf-dist/tex/latex/graphics/trig.sty
Package: trig 2016/01/03 v1.10 sin cos tan (DPC)
) (/usr/share/texlive/texmf-dist/tex/latex/graphics-cfg/graphics.cfg
File: graphics.cfg 2016/06/04 v1.11 sample graphics configuration
)
Package graphics Info: Driver file: xetex.def on input line 105.
(/usr/share/texlive/texmf-dist/tex/latex/graphics-def/xetex.def
File: xetex.def 2017/06/24 v5.0h Graphics/color driver for xetex
))
\Gin@req@height=\dimen141
\Gin@req@width=\dimen142
)
\xl@everylogo=\toks16
\xl@@everylogo=\toks17
LaTeX Info: Redefining \TeX on input line 193.
LaTeX Info: Redefining \LaTeX on input line 202.
LaTeX Info: Redefining \LaTeXe on input line 219.
)
\l__xetex_show_hyphens_wrapping_box=\box46
\l__xetex_show_hyphens_temp_box=\box47
\l__xetex_show_hyphens_final_box=\box48
\g__xetex_show_hyphens_word_box=\box49
) (/usr/share/texlive/texmf-dist/tex/latex/titlesec/titlesec.sty
Package: titlesec 2019/10/16 v2.13 Sectioning titles
\ttl@box=\box50
\beforetitleunit=\skip52
\aftertitleunit=\skip53
\ttl@plus=\dimen143
\ttl@minus=\dimen144
\ttl@toksa=\toks18
\titlewidth=\dimen145
\titlewidthlast=\dimen146
\titlewidthfirst=\dimen147
) (/usr/share/texlive/texmf-dist/tex/latex/titlesec/titletoc.sty
Package: titletoc 2019/10/16 v2.13 TOC entries
\ttl@leftsep=\dimen148
) (/usr/share/texlive/texmf-dist/tex/latex/hyperref/hyperref.sty
Package: hyperref 2020/01/14 v7.00d Hypertext links for LaTeX
(/usr/share/texlive/texmf-dist/tex/generic/kvsetkeys/kvsetkeys.sty
Package: kvsetkeys 2019/12/15 v1.18 Key value parser (HO)
) (/usr/share/texlive/texmf-dist/tex/generic/kvdefinekeys/kvdefinekeys.sty
Package: kvdefinekeys 2019-12-19 v1.6 Define keys (HO)
) (/usr/share/texlive/texmf-dist/tex/generic/pdfescape/pdfescape.sty
Package: pdfescape 2019/12/09 v1.15 Implements pdfTeX's escape features (HO)
) (/usr/share/texlive/texmf-dist/tex/latex/hycolor/hycolor.sty
Package: hycolor 2020-01-27 v1.10 Color options for hyperref/bookmark (HO)
) (/usr/share/texlive/texmf-dist/tex/latex/letltxmacro/letltxmacro.sty
Package: letltxmacro 2019/12/03 v1.6 Let assignment for LaTeX macros (HO)
) (/usr/share/texlive/texmf-dist/tex/latex/auxhook/auxhook.sty
Package: auxhook 2019-12-17 v1.6 Hooks for auxiliary files (HO)
) (/usr/share/texlive/texmf-dist/tex/latex/kvoptions/kvoptions.sty
Package: kvoptions 2019/11/29 v3.13 Key value format for package options (HO)
)
\@linkdim=\dimen149
\Hy@linkcounter=\count196
\Hy@pagecounter=\count197
(/usr/share/texlive/texmf-dist/tex/latex/hyperref/pd1enc.def
File: pd1enc.def 2020/01/14 v7.00d Hyperref: PDFDocEncoding definition (HO)
) (/usr/share/texlive/texmf-dist/tex/generic/intcalc/intcalc.sty
Package: intcalc 2019/12/15 v1.3 Expandable calculations with integers (HO)
)
\Hy@SavedSpaceFactor=\count198
Package hyperref Info: Option `unicode' set `true' on input line 4421.
(/usr/share/texlive/texmf-dist/tex/latex/hyperref/puenc.def
File: puenc.def 2020/01/14 v7.00d Hyperref: PDF Unicode definition (HO)
)
Package hyperref Info: Option `hyperfootnotes' set `false' on input line 4421.
Package hyperref Info: Hyper figures OFF on input line 4547.
Package hyperref Info: Link nesting OFF on input line 4552.
Package hyperref Info: Hyper index ON on input line 4555.
Package hyperref Info: Plain pages OFF on input line 4562.
Package hyperref Info: Backreferencing OFF on input line 4567.
Package hyperref Info: Implicit mode ON; LaTeX internals redefined.
Package hyperref Info: Bookmarks ON on input line 4800.
\c@Hy@tempcnt=\count199
(/usr/share/texlive/texmf-dist/tex/latex/url/url.sty
\Urlmuskip=\muskip16
Package: url 2013/09/16  ver 3.4  Verb mode for urls, etc.
)
LaTeX Info: Redefining \url on input line 5159.
\XeTeXLinkMargin=\dimen150
(/usr/share/texlive/texmf-dist/tex/generic/bitset/bitset.sty
Package: bitset 2019/12/09 v1.3 Handle bit-vector datatype (HO)
(/usr/share/texlive/texmf-dist/tex/generic/bigintcalc/bigintcalc.sty
Package: bigintcalc 2019/12/15 v1.5 Expandable calculations on big integers (HO
)
))
\Fld@menulength=\count266
\Field@Width=\dimen151
\Fld@charsize=\dimen152
Package hyperref Info: Hyper figures OFF on input line 6430.
Package hyperref Info: Link nesting OFF on input line 6435.
Package hyperref Info: Hyper index ON on input line 6438.
Package hyperref Info: backreferencing OFF on input line 6445.
Package hyperref Info: Link coloring OFF on input line 6450.
Package hyperref Info: Link coloring with OCG OFF on input line 6455.
Package hyperref Info: PDF/A mode OFF on input line 6460.
LaTeX Info: Redefining \ref on input line 6500.
LaTeX Info: Redefining \pageref on input line 6504.
(/usr/share/texlive/texmf-dist/tex/generic/atbegshi/atbegshi.sty
Package: atbegshi 2019/12/05 v1.19 At begin shipout hook (HO)
)
\Hy@abspage=\count267
\c@Item=\count268
)
Package hyperref Info: Driver: hxetex.
(/usr/share/texlive/texmf-dist/tex/latex/hyperref/hxetex.def
File: hxetex.def 2020/01/14 v7.00d Hyperref driver for XeTeX
(/usr/share/texlive/texmf-dist/tex/generic/stringenc/stringenc.sty
Package: stringenc 2019/11/29 v1.12 Convert strings between diff. encodings (HO
)
)
\pdfm@box=\box51
\c@Hy@AnnotLevel=\count269
\HyField@AnnotCount=\count270
\Fld@listcount=\count271
\c@bookmark@seq@number=\count272
(/usr/share/texlive/texmf-dist/tex/latex/rerunfilecheck/rerunfilecheck.sty
Package: rerunfilecheck 2019/12/05 v1.9 Rerun checks for auxiliary files (HO)
(/usr/share/texlive/texmf-dist/tex/latex/atveryend/atveryend.sty
Package: atveryend 2019-12-11 v1.11 Hooks at the very end of document (HO)
Package atveryend Info: \enddocument detected (standard20110627).
) (/usr/share/texlive/texmf-dist/tex/generic/uniquecounter/uniquecounter.sty
Package: uniquecounter 2019/12/15 v1.4 Provide unlimited unique counter (HO)
)
Package uniquecounter Info: New unique counter `rerunfilecheck' on input line 2
86.
)
\Hy@SectionHShift=\skip54
) (/usr/share/texlive/texmf-dist/tex/latex/ragged2e/ragged2e.sty
Package: ragged2e 2019/07/28 v2.2 ragged2e Package (MS)
(/usr/share/texlive/texmf-dist/tex/latex/ms/everysel.sty
Package: everysel 2011/10/28 v1.2 EverySelectfont Package (MS)
)
\CenteringLeftskip=\skip55
\RaggedLeftLeftskip=\skip56
\RaggedRightLeftskip=\skip57
\CenteringRightskip=\skip58
\RaggedLeftRightskip=\skip59
\RaggedRightRightskip=\skip60
\CenteringParfillskip=\skip61
\RaggedLeftParfillskip=\skip62
\RaggedRightParfillskip=\skip63
\JustifyingParfillskip=\skip64
\CenteringParindent=\skip65
\RaggedLeftParindent=\skip66
\RaggedRightParindent=\skip67
\JustifyingParindent=\skip68
) (/usr/share/texlive/texmf-dist/tex/latex/geometry/geometry.sty
Package: geometry 2020/01/02 v5.9 Page Geometry
(/usr/share/texlive/texmf-dist/tex/generic/iftex/ifvtex.sty
Package: ifvtex 2019/10/25 v1.7 ifvtex legacy package. Use iftex instead.
)
\Gm@cnth=\count273
\Gm@cntv=\count274
\c@Gm@tempcnt=\count275
\Gm@bindingoffset=\dimen153
\Gm@wd@mp=\dimen154
\Gm@odd@mp=\dimen155
\Gm@even@mp=\dimen156
\Gm@layoutwidth=\dimen157
\Gm@layoutheight=\dimen158
\Gm@layouthoffset=\dimen159
\Gm@layoutvoffset=\dimen160
\Gm@dimlist=\toks19
) (/usr/share/texlive/texmf-dist/tex/latex/changepage/changepage.sty
Package: changepage 2009/10/20 v1.0c check page and change page layout
\c@cp@cntr=\count276
\cp@tempcnt=\count277
)
\@tufte@overhang=\skip69
\@tufte@fullwidth=\skip70
\@tufte@caption@fill=\skip71
(/usr/share/texlive/texmf-dist/tex/latex/paralist/paralist.sty
Package: paralist 2017/01/22 v2.7 Extended list environments
\pltopsep=\skip72
\plpartopsep=\skip73
\plitemsep=\skip74
\plparsep=\skip75
\pl@lab=\toks20
) (/usr/share/texlive/texmf-dist/tex/latex/textcase/textcase.sty
Package: textcase 2019/09/14 v1.00 Text only upper/lower case changing (DPC)
) (/usr/share/texlive/texmf-dist/tex/latex/soul/soul.sty
Package: soul 2003/11/17 v2.4 letterspacing/underlining (mf)
\SOUL@word=\toks21
\SOUL@lasttoken=\toks22
\SOUL@cmds=\toks23
\SOUL@buffer=\toks24
\SOUL@token=\toks25
\SOUL@spaceskip=\skip76
\SOUL@ttwidth=\dimen161
\SOUL@uldp=\dimen162
\SOUL@ulht=\dimen163
)
LaTeX Info: Redefining \allcapsspacing on input line 737.
LaTeX Info: Redefining \smallcapsspacing on input line 737.
(/usr/share/texlive/texmf-dist/tex/latex/setspace/setspace.sty
Package: setspace 2011/12/19 v6.7a set line spacing
) (/usr/share/texlive/texmf-dist/tex/latex/xcolor/xcolor.sty
Package: xcolor 2016/05/11 v2.12 LaTeX color extensions (UK)
(/usr/share/texlive/texmf-dist/tex/latex/graphics-cfg/color.cfg
File: color.cfg 2016/01/02 v1.6 sample color configuration
)
Package xcolor Info: Package option `usenames' ignored on input line 216.
Package xcolor Info: Driver file: xetex.def on input line 225.
Package xcolor Info: Model `cmy' substituted by `cmy0' on input line 1348.
Package xcolor Info: Model `RGB' extended on input line 1364.
Package xcolor Info: Model `HTML' substituted by `rgb' on input line 1366.
Package xcolor Info: Model `Hsb' substituted by `hsb' on input line 1367.
Package xcolor Info: Model `tHsb' substituted by `hsb' on input line 1368.
Package xcolor Info: Model `HSB' substituted by `hsb' on input line 1369.
Package xcolor Info: Model `Gray' substituted by `gray' on input line 1370.
Package xcolor Info: Model `wave' substituted by `hsb' on input line 1371.
(/usr/share/texlive/texmf-dist/tex/latex/graphics/dvipsnam.def
File: dvipsnam.def 2016/06/17 v3.0m Driver-dependent file (DPC,SPQR)
) (/usr/share/texlive/texmf-dist/tex/latex/xcolor/svgnam.def
File: svgnam.def 2016/05/11 v2.12 Predefined colors according to SVG 1.1 (UK)
)) (/usr/share/texlive/texmf-dist/tex/latex/natbib/natbib.sty
Package: natbib 2010/09/13 8.31b (PWD, AO)
\bibhang=\skip77
\bibsep=\skip78
LaTeX Info: Redefining \cite on input line 694.
\c@NAT@ctr=\count278
) (/usr/share/texlive/texmf-dist/tex/latex/natbib/bibentry.sty
Package: bibentry 2007/10/30 1.5 (PWD)
)
No file encontro_saberes_ouro_preto_handout.bbl.
\c@@tufte@num@bibkeys=\count279
(/usr/share/texlive/texmf-dist/tex/latex/sauerj/optparams.sty
Package: optparams 2004/08/14 v0.9 multiple optional parameters in macros
)
\@tufte@sidenote@vertical@offset=\skip79
(/usr/share/texlive/texmf-dist/tex/latex/placeins/placeins.sty
Package: placeins 2005/04/18  v 2.2
)
\@tufte@margin@floatbox=\box52
\@tufte@figure@box=\box53
\@tufte@caption@box=\box54
\@tufte@caption@vertical@offset=\skip80
\@tufte@float@contents@width=\skip81
(/usr/share/texlive/texmf-dist/tex/latex/fancyhdr/fancyhdr.sty
Package: fancyhdr 2019/01/31 v3.10 Extensive control of page headers and footer
s
\f@nch@headwidth=\skip82
\f@nch@O@elh=\skip83
\f@nch@O@erh=\skip84
\f@nch@O@olh=\skip85
\f@nch@O@orh=\skip86
\f@nch@O@elf=\skip87
\f@nch@O@erf=\skip88
\f@nch@O@olf=\skip89
\f@nch@O@orf=\skip90
)
\tufteskipamount=\skip91
(/usr/share/texlive/texmf-dist/tex/latex/tools/multicol.sty
Package: multicol 2019/12/09 v1.8y multicolumn formatting (FMi)
\c@tracingmulticols=\count280
\mult@box=\box55
\multicol@leftmargin=\dimen164
\c@unbalance=\count281
\c@collectmore=\count282
\doublecol@number=\count283
\multicoltolerance=\count284
\multicolpretolerance=\count285
\full@width=\dimen165
\page@free=\dimen166
\premulticols=\dimen167
\postmulticols=\dimen168
\multicolsep=\skip92
\multicolbaselineskip=\skip93
\partial@page=\box56
\last@line=\box57
\maxbalancingoverflow=\dimen169
\mult@rightbox=\box58
\mult@grightbox=\box59
\mult@gfirstbox=\box60
\mult@firstbox=\box61
\@tempa=\box62
\@tempa=\box63
\@tempa=\box64
\@tempa=\box65
\@tempa=\box66
\@tempa=\box67
\@tempa=\box68
\@tempa=\box69
\@tempa=\box70
\@tempa=\box71
\@tempa=\box72
\@tempa=\box73
\@tempa=\box74
\@tempa=\box75
\@tempa=\box76
\@tempa=\box77
\@tempa=\box78
\@tempa=\box79
\@tempa=\box80
\@tempa=\box81
\@tempa=\box82
\@tempa=\box83
\@tempa=\box84
\@tempa=\box85
\@tempa=\box86
\@tempa=\box87
\@tempa=\box88
\@tempa=\box89
\@tempa=\box90
\@tempa=\box91
\@tempa=\box92
\@tempa=\box93
\@tempa=\box94
\@tempa=\box95
\@tempa=\box96
\@tempa=\box97
\@tempa=\box98
\c@minrows=\count286
\c@columnbadness=\count287
\c@finalcolumnbadness=\count288
\last@try=\dimen170
\multicolovershoot=\dimen171
\multicolundershoot=\dimen172
\mult@nat@firstbox=\box99
\colbreak@box=\box100
\mc@col@check@num=\count289
))) (/usr/share/texlive/texmf-dist/tex/latex/amsfonts/amssymb.sty
Package: amssymb 2013/01/14 v3.01 AMS font symbols
(/usr/share/texlive/texmf-dist/tex/latex/amsfonts/amsfonts.sty
Package: amsfonts 2013/01/14 v3.01 Basic AMSFonts support
\@emptytoks=\toks26
\symAMSa=\mathgroup4
\symAMSb=\mathgroup5
LaTeX Font Info:    Redeclaring math symbol \hbar on input line 98.
LaTeX Font Info:    Overwriting math alphabet `\mathfrak' in version `bold'
(Font)                  U/euf/m/n --> U/euf/b/n on input line 106.
)) (/usr/share/texlive/texmf-dist/tex/latex/amsmath/amsmath.sty
Package: amsmath 2020/01/20 v2.17e AMS math features
\@mathmargin=\skip94
For additional information on amsmath, use the `?' option.
(/usr/share/texlive/texmf-dist/tex/latex/amsmath/amstext.sty
Package: amstext 2000/06/29 v2.01 AMS text
(/usr/share/texlive/texmf-dist/tex/latex/amsmath/amsgen.sty
File: amsgen.sty 1999/11/30 v2.0 generic functions
\@emptytoks=\toks27
\ex@=\dimen173
)) (/usr/share/texlive/texmf-dist/tex/latex/amsmath/amsbsy.sty
Package: amsbsy 1999/11/29 v1.2d Bold Symbols
\pmbraise@=\dimen174
) (/usr/share/texlive/texmf-dist/tex/latex/amsmath/amsopn.sty
Package: amsopn 2016/03/08 v2.02 operator names
)
\inf@bad=\count290
LaTeX Info: Redefining \frac on input line 227.
\uproot@=\count291
\leftroot@=\count292
LaTeX Info: Redefining \overline on input line 389.
\classnum@=\count293
\DOTSCASE@=\count294
LaTeX Info: Redefining \ldots on input line 486.
LaTeX Info: Redefining \dots on input line 489.
LaTeX Info: Redefining \cdots on input line 610.
\Mathstrutbox@=\box101
\strutbox@=\box102
\big@size=\dimen175
LaTeX Font Info:    Redeclaring font encoding OML on input line 733.
LaTeX Font Info:    Redeclaring font encoding OMS on input line 734.
\macc@depth=\count295
\c@MaxMatrixCols=\count296
\dotsspace@=\muskip17
\c@parentequation=\count297
\dspbrk@lvl=\count298
\tag@help=\toks28
\row@=\count299
\column@=\count300
\maxfields@=\count301
\andhelp@=\toks29
\eqnshift@=\dimen176
\alignsep@=\dimen177
\tagshift@=\dimen178
\tagwidth@=\dimen179
\totwidth@=\dimen180
\lineht@=\dimen181
\@envbody=\toks30
\multlinegap=\skip95
\multlinetaggap=\skip96
\mathdisplay@stack=\toks31
LaTeX Info: Redefining \[ on input line 2859.
LaTeX Info: Redefining \] on input line 2860.
) (/usr/share/texlive/texmf-dist/tex/latex/base/fixltx2e.sty
Package: fixltx2e 2016/12/29 v2.1a fixes to LaTeX (obsolete)
Applying: [2015/01/01] Old fixltx2e package on input line 46.

Package fixltx2e Warning: fixltx2e is not required with releases after 2015
(fixltx2e)                All fixes are now in the LaTeX kernel.
(fixltx2e)                See the latexrelease package for details.

Already applied: [0000/00/00] Old fixltx2e package on input line 53.
) (/usr/share/texlive/texmf-dist/tex/latex/booktabs/booktabs.sty
Package: booktabs 2020/01/12 v1.61803398 Publication quality tables
\heavyrulewidth=\dimen182
\lightrulewidth=\dimen183
\cmidrulewidth=\dimen184
\belowrulesep=\dimen185
\belowbottomsep=\dimen186
\aboverulesep=\dimen187
\abovetopsep=\dimen188
\cmidrulesep=\dimen189
\cmidrulekern=\dimen190
\defaultaddspace=\dimen191
\@cmidla=\count302
\@cmidlb=\count303
\@aboverulesep=\dimen192
\@belowrulesep=\dimen193
\@thisruleclass=\count304
\@lastruleclass=\count305
\@thisrulewidth=\dimen194
) (/usr/share/texlive/texmf-dist/tex/latex/units/units.sty
Package: units 1998/08/04 v0.9b Typesetting units
(/usr/share/texlive/texmf-dist/tex/latex/units/nicefrac.sty
Package: nicefrac 1998/08/04 v0.9b Nice fractions
\L@UnitsRaiseDisplaystyle=\skip97
\L@UnitsRaiseTextstyle=\skip98
\L@UnitsRaiseScriptstyle=\skip99
)) (/usr/share/texlive/texmf-dist/tex/latex/fancyvrb/fancyvrb.sty
Package: fancyvrb 2020/01/13 v3.5 verbatim text (tvz,hv)
\FV@CodeLineNo=\count306
\FV@InFile=\read2
\FV@TabBox=\box103
\c@FancyVerbLine=\count307
\FV@StepNumber=\count308
\FV@OutFile=\write3
) (/usr/share/texlive/texmf-dist/tex/generic/ulem/ulem.sty
\UL@box=\box104
\UL@hyphenbox=\box105
\UL@skip=\skip100
\UL@hook=\toks32
\UL@height=\dimen195
\UL@pe=\count309
\UL@pixel=\dimen196
\ULC@box=\box106
Package: ulem 2019/11/18
\ULdepth=\dimen197
) (/usr/share/texlive/texmf-dist/tex/latex/morefloats/morefloats.sty
Package: morefloats 2015/07/22 v1.0h Raise limit of unprocessed floats (HMM)
Package morefloats Info: Maximum number of possible floats asked for: 36
(morefloats)             (i.e. 18 more floats).
(morefloats)             LaTeX might run out of memory before this
(morefloats)             (in which case it will notify you).
) (/usr/share/texlive/texmf-dist/tex/latex/tools/longtable.sty
Package: longtable 2020/01/07 v4.13 Multi-page Table package (DPC)
\LTleft=\skip101
\LTright=\skip102
\LTpre=\skip103
\LTpost=\skip104
\LTchunksize=\count310
\LTcapwidth=\dimen198
\LT@head=\box107
\LT@firsthead=\box108
\LT@foot=\box109
\LT@lastfoot=\box110
\LT@cols=\count311
\LT@rows=\count312
\c@LT@tables=\count313
\c@LT@chunks=\count314
\LT@p@ftn=\toks33
) (/usr/share/texlive/texmf-dist/tex/latex/tools/array.sty
Package: array 2019/08/31 v2.4l Tabular extension package (FMi)
\col@sep=\dimen199
\ar@mcellbox=\box111
\extrarowheight=\dimen256
\NC@list=\toks34
\extratabsurround=\skip105
\backup@length=\skip106
\ar@cellbox=\box112
) (/usr/share/texlive/texmf-dist/tex/latex/multirow/multirow.sty
Package: multirow 2019/05/31 v2.5 Span multiple rows of a table
\multirow@colwidth=\skip107
\multirow@cntb=\count315
\multirow@dima=\skip108
\bigstrutjot=\dimen257
) (/usr/share/texlive/texmf-dist/tex/latex/wrapfig/wrapfig.sty
\wrapoverhang=\dimen258
\WF@size=\dimen259
\c@WF@wrappedlines=\count316
\WF@box=\box113
\WF@everypar=\toks35
Package: wrapfig 2003/01/31  v 3.6
) (/usr/share/texlive/texmf-dist/tex/latex/float/float.sty
Package: float 2001/11/08 v1.3d Float enhancements (AL)
\c@float@type=\count317
\float@exts=\toks36
\float@box=\box114
\@float@everytoks=\toks37
\@floatcapt=\box115
) (/usr/share/texlive/texmf-dist/tex/latex/colortbl/colortbl.sty
Package: colortbl 2020/01/04 v1.0e Color table columns (DPC)
\everycr=\toks38
\minrowclearance=\skip109
) (/usr/share/texlive/texmf-dist/tex/latex/pdflscape/pdflscape.sty
Package: pdflscape 2019/12/05 v0.12 Display of landscape pages in PDF (HO)
(/usr/share/texlive/texmf-dist/tex/latex/graphics/lscape.sty
Package: lscape 2000/10/22 v3.01 Landscape Pages (DPC)
)
Package pdflscape Info: Auto-detected driver: dvipdfm (xetex) on input line 98.

) (/usr/share/texlive/texmf-dist/tex/latex/tabu/tabu.sty
Package: tabu 2019/01/11 v2.9 - flexible LaTeX tabulars (FC+tabu-fixed) + inter
mediate FMi
(/usr/share/texlive/texmf-dist/tex/latex/varwidth/varwidth.sty
Package: varwidth 2009/03/30 ver 0.92;  Variable-width minipages
\@vwid@box=\box116
\sift@deathcycles=\count318
\@vwid@loff=\dimen260
\@vwid@roff=\dimen261
)
\c@taburow=\count319
\tabu@nbcols=\count320
\tabu@cnt=\count321
\tabu@Xcol=\count322
\tabu@alloc=\count323
\tabu@nested=\count324
\tabu@target=\dimen262
\tabu@spreadtarget=\dimen263
\tabu@naturalX=\dimen264
\tabucolX=\dimen265
\tabu@Xsum=\dimen266
\extrarowdepth=\dimen267
\abovetabulinesep=\dimen268
\belowtabulinesep=\dimen269
\tabustrutrule=\dimen270
\tabu@thebody=\toks39
\tabu@footnotes=\toks40
\tabu@box=\box117
\tabu@arstrutbox=\box118
\tabu@hleads=\box119
\tabu@vleads=\box120
\tabu@cellskip=\skip110
) (/usr/share/texlive/texmf-dist/tex/latex/threeparttable/threeparttable.sty
Package: threeparttable 2003/06/13  v 3.0
\@tempboxb=\box121
) (/usr/share/texlive/texmf-dist/tex/latex/threeparttablex/threeparttablex.sty
Package: threeparttablex 2013/07/23 v0.3 by daleif
(/usr/share/texlive/texmf-dist/tex/latex/environ/environ.sty
Package: environ 2014/05/04 v0.3 A new way to define environments
(/usr/share/texlive/texmf-dist/tex/latex/trimspaces/trimspaces.sty
Package: trimspaces 2009/09/17 v1.1 Trim spaces around a token list
))
\TPTL@width=\skip111
) (/usr/share/texlive/texmf-dist/tex/latex/makecell/makecell.sty
Package: makecell 2009/08/03 V0.1e Managing of Tab Column Heads and Cells
\rotheadsize=\dimen271
\c@nlinenum=\count325
\TeXr@lab=\toks41
)
No file encontro_saberes_ouro_preto_handout.aux.
\openout1 = `encontro_saberes_ouro_preto_handout.aux'.

LaTeX Font Info:    Checking defaults for OML/cmm/m/it on input line 126.
LaTeX Font Info:    ... okay on input line 126.
LaTeX Font Info:    Checking defaults for OMS/cmsy/m/n on input line 126.
LaTeX Font Info:    ... okay on input line 126.
LaTeX Font Info:    Checking defaults for OT1/cmr/m/n on input line 126.
LaTeX Font Info:    ... okay on input line 126.
LaTeX Font Info:    Checking defaults for T1/cmr/m/n on input line 126.
LaTeX Font Info:    ... okay on input line 126.
LaTeX Font Info:    Checking defaults for TS1/cmr/m/n on input line 126.
LaTeX Font Info:    Trying to load font information for TS1+cmr on input line 1
26.
(/usr/share/texlive/texmf-dist/tex/latex/base/ts1cmr.fd
File: ts1cmr.fd 2019/12/16 v2.5j Standard LaTeX font definitions
)
LaTeX Font Info:    ... okay on input line 126.
LaTeX Font Info:    Checking defaults for TU/lmr/m/n on input line 126.
LaTeX Font Info:    ... okay on input line 126.
LaTeX Font Info:    Checking defaults for OMX/cmex/m/n on input line 126.
LaTeX Font Info:    ... okay on input line 126.
LaTeX Font Info:    Checking defaults for U/cmr/m/n on input line 126.
LaTeX Font Info:    ... okay on input line 126.
LaTeX Font Info:    Checking defaults for PD1/pdf/m/n on input line 126.
LaTeX Font Info:    ... okay on input line 126.
LaTeX Font Info:    Checking defaults for PU/pdf/m/n on input line 126.
LaTeX Font Info:    ... okay on input line 126.

Package fontspec Info: Adjusting the maths setup (use [no-math] to avoid
(fontspec)             this).

\symlegacymaths=\mathgroup6
LaTeX Font Info:    Overwriting symbol font `legacymaths' in version `bold'
(Font)                  OT1/cmr/m/n --> OT1/cmr/bx/n on input line 126.
LaTeX Font Info:    Redeclaring math accent \acute on input line 126.
LaTeX Font Info:    Redeclaring math accent \grave on input line 126.
LaTeX Font Info:    Redeclaring math accent \ddot on input line 126.
LaTeX Font Info:    Redeclaring math accent \tilde on input line 126.
LaTeX Font Info:    Redeclaring math accent \bar on input line 126.
LaTeX Font Info:    Redeclaring math accent \breve on input line 126.
LaTeX Font Info:    Redeclaring math accent \check on input line 126.
LaTeX Font Info:    Redeclaring math accent \hat on input line 126.
LaTeX Font Info:    Redeclaring math accent \dot on input line 126.
LaTeX Font Info:    Redeclaring math accent \mathring on input line 126.
LaTeX Font Info:    Redeclaring math symbol \Gamma on input line 126.
LaTeX Font Info:    Redeclaring math symbol \Delta on input line 126.
LaTeX Font Info:    Redeclaring math symbol \Theta on input line 126.
LaTeX Font Info:    Redeclaring math symbol \Lambda on input line 126.
LaTeX Font Info:    Redeclaring math symbol \Xi on input line 126.
LaTeX Font Info:    Redeclaring math symbol \Pi on input line 126.
LaTeX Font Info:    Redeclaring math symbol \Sigma on input line 126.
LaTeX Font Info:    Redeclaring math symbol \Upsilon on input line 126.
LaTeX Font Info:    Redeclaring math symbol \Phi on input line 126.
LaTeX Font Info:    Redeclaring math symbol \Psi on input line 126.
LaTeX Font Info:    Redeclaring math symbol \Omega on input line 126.
LaTeX Font Info:    Redeclaring math symbol \mathdollar on input line 126.
LaTeX Font Info:    Redeclaring symbol font `operators' on input line 126.
LaTeX Font Info:    Encoding `OT1' has changed to `TU' for symbol font
(Font)              `operators' in the math version `normal' on input line 126.

LaTeX Font Info:    Overwriting symbol font `operators' in version `normal'
(Font)                  OT1/cmr/m/n --> TU/lmr/m/n on input line 126.
LaTeX Font Info:    Encoding `OT1' has changed to `TU' for symbol font
(Font)              `operators' in the math version `bold' on input line 126.
LaTeX Font Info:    Overwriting symbol font `operators' in version `bold'
(Font)                  OT1/cmr/bx/n --> TU/lmr/m/n on input line 126.
LaTeX Font Info:    Overwriting symbol font `operators' in version `normal'
(Font)                  TU/lmr/m/n --> TU/lmr/m/n on input line 126.
LaTeX Font Info:    Overwriting math alphabet `\mathit' in version `normal'
(Font)                  OT1/cmr/m/it --> TU/lmr/m/it on input line 126.
LaTeX Font Info:    Overwriting math alphabet `\mathbf' in version `normal'
(Font)                  OT1/cmr/bx/n --> TU/lmr/b/n on input line 126.
LaTeX Font Info:    Overwriting math alphabet `\mathsf' in version `normal'
(Font)                  OT1/cmss/m/n --> TU/lmss/m/n on input line 126.
LaTeX Font Info:    Overwriting math alphabet `\mathtt' in version `normal'
(Font)                  OT1/cmtt/m/n --> TU/lmtt/m/n on input line 126.
LaTeX Font Info:    Overwriting symbol font `operators' in version `bold'
(Font)                  TU/lmr/m/n --> TU/lmr/b/n on input line 126.
LaTeX Font Info:    Overwriting math alphabet `\mathit' in version `bold'
(Font)                  OT1/cmr/bx/it --> TU/lmr/b/it on input line 126.
LaTeX Font Info:    Overwriting math alphabet `\mathsf' in version `bold'
(Font)                  OT1/cmss/bx/n --> TU/lmss/b/n on input line 126.
LaTeX Font Info:    Overwriting math alphabet `\mathtt' in version `bold'
(Font)                  OT1/cmtt/m/n --> TU/lmtt/b/n on input line 126.
\AtBeginShipoutBox=\box122
Package hyperref Info: Link coloring OFF on input line 126.
(/usr/share/texlive/texmf-dist/tex/latex/hyperref/nameref.sty
Package: nameref 2019/09/16 v2.46 Cross-referencing by name of section
(/usr/share/texlive/texmf-dist/tex/latex/refcount/refcount.sty
Package: refcount 2019/12/15 v3.6 Data extraction from label references (HO)
) (/usr/share/texlive/texmf-dist/tex/generic/gettitlestring/gettitlestring.sty
Package: gettitlestring 2019/12/15 v1.6 Cleanup title references (HO)
)
\c@section@level=\count326
)
LaTeX Info: Redefining \ref on input line 126.
LaTeX Info: Redefining \pageref on input line 126.
LaTeX Info: Redefining \nameref on input line 126.
\@outlinefile=\write4
\openout4 = `encontro_saberes_ouro_preto_handout.out'.


Package hyperref Warning: Rerun to get /PageLabels entry.

ABD: EverySelectfont initializing macros
LaTeX Info: Redefining \selectfont on input line 126.
*geometry* driver: auto-detecting
*geometry* detected driver: xetex
*geometry* verbose mode - [ preamble ] result:
* driver: xetex
* paper: letterpaper
* layout: <same size as paper>
* layoutoffset:(h,v)=(0.0pt,0.0pt)
* modes: twoside asymmetric 
* h-part:(L,W,R)=(72.26999pt, 312.0pt, 230.02501pt)
* v-part:(T,H,B)=(72.26999pt, 616.0pt, 106.7pt)
* \paperwidth=614.295pt
* \paperheight=794.96999pt
* \textwidth=312.0pt
* \textheight=616.0pt
* \oddsidemargin=0.0pt
* \evensidemargin=0.0pt
* \topmargin=-42.0pt
* \headheight=14.0pt
* \headsep=28.0pt
* \topskip=10.0pt
* \footskip=30.0pt
* \marginparwidth=144.0pt
* \marginparsep=24.0pt
* \columnsep=10.0pt
* \skip\footins=9.0pt plus 4.0pt minus 2.0pt
* \hoffset=0.0pt
* \voffset=0.0pt
* \mag=1000
* \@twocolumnfalse
* \@twosidetrue
* \@mparswitchfalse
* \@reversemarginfalse
* (1in=72.27pt=25.4mm, 1cm=28.453pt)

\langwohyphens=\language3

Overfull \hbox (123.75pt too wide) in paragraph at lines 149--149
[]\TU/lmtt/m/n/10 ##    nome_UC        estacao_amostral nome_ea esforco data   
      ano classe ordem[] 
 []


Overfull \hbox (123.75pt too wide) in paragraph at lines 149--149
[]\TU/lmtt/m/n/10 ##    <chr>                     <dbl> <chr>     <dbl> <date> 
    <dbl> <chr>  <chr>[] 
 []


Overfull \hbox (123.75pt too wide) in paragraph at lines 149--149
[]\TU/lmtt/m/n/10 ##  1 Resex do Rio ~                1 Franci~    3650 2017-06
-03  2017 Mamma~ Prim~[] 
 []


Overfull \hbox (123.75pt too wide) in paragraph at lines 149--149
[]\TU/lmtt/m/n/10 ##  2 Resex do Rio ~                1 Franci~      NA 2017-06
-03  2017 Mamma~ Prim~[] 
 []


Overfull \hbox (123.75pt too wide) in paragraph at lines 149--149
[]\TU/lmtt/m/n/10 ##  3 Resex do Rio ~                1 Franci~      NA 2017-06
-03  2017 Mamma~ Rode~[] 
 []


Overfull \hbox (123.75pt too wide) in paragraph at lines 149--149
[]\TU/lmtt/m/n/10 ##  4 Resex do Rio ~                1 Franci~    3650 2017-06
-04  2017 Aves   Tina~[] 
 []


Overfull \hbox (123.75pt too wide) in paragraph at lines 149--149
[]\TU/lmtt/m/n/10 ##  5 Resex do Rio ~                1 Franci~      NA 2017-06
-04  2017 Mamma~ Rode~[] 
 []


Overfull \hbox (123.75pt too wide) in paragraph at lines 149--149
[]\TU/lmtt/m/n/10 ##  6 Resex do Rio ~                1 Franci~      NA 2017-06
-04  2017 Aves   Tina~[] 
 []


Overfull \hbox (123.75pt too wide) in paragraph at lines 149--149
[]\TU/lmtt/m/n/10 ##  7 Resex do Rio ~                1 Franci~      NA 2017-06
-04  2017 Mamma~ Prim~[] 
 []


Overfull \hbox (123.75pt too wide) in paragraph at lines 149--149
[]\TU/lmtt/m/n/10 ##  8 Resex do Rio ~                1 Franci~    3650 2017-06
-05  2017 Mamma~ Prim~[] 
 []


Overfull \hbox (123.75pt too wide) in paragraph at lines 149--149
[]\TU/lmtt/m/n/10 ##  9 Resex do Rio ~                1 Franci~      NA 2017-06
-05  2017 Mamma~ Prim~[] 
 []


Overfull \hbox (123.75pt too wide) in paragraph at lines 149--149
[]\TU/lmtt/m/n/10 ## 10 Resex do Rio ~                1 Franci~      NA 2017-06
-05  2017 Aves   Gall~[] 
 []


Overfull \hbox (102.75pt too wide) in paragraph at lines 149--149
[]\TU/lmtt/m/n/10 ## # ... with 622 more rows, and 5 more variables: familia <c
hr>, genero <chr>,[] 
 []

[1

]
LaTeX Font Info:    Trying to load font information for U+msa on input line 222
.
(/usr/share/texlive/texmf-dist/tex/latex/amsfonts/umsa.fd
File: umsa.fd 2013/01/14 v3.01 AMS symbols A
)
LaTeX Font Info:    Trying to load font information for U+msb on input line 222
.
(/usr/share/texlive/texmf-dist/tex/latex/amsfonts/umsb.fd
File: umsb.fd 2013/01/14 v3.01 AMS symbols B
)
Overfull \hbox (188.28001pt too wide) in paragraph at lines 222--244
 [][] 
 []

File: encontro_saberes_ouro_preto_handout_files/figure-latex/unnamed-chunk-3-1.
pdf Graphic file (type pdf)
<use encontro_saberes_ouro_preto_handout_files/figure-latex/unnamed-chunk-3-1.p
df>

Underfull \hbox (badness 10000) in paragraph at lines 247--248

 []


Overfull \hbox (4.52pt too wide) in paragraph at lines 263--270
 [][] 
 []


Package fontspec Warning: \addfontfeature(s) ignored on line 270; it cannot be
(fontspec)                used with a font that wasn't selected by a fontspec
(fontspec)                command.
(fontspec)                 
(fontspec)                 The current font is "\TU/lmr/m/n/10 ".
(fontspec)                  The requested feature is "LetterSpace=10". 

[2]

Package fontspec Warning: \addfontfeature(s) ignored on line 270; it cannot be
(fontspec)                used with a font that wasn't selected by a fontspec
(fontspec)                command.
(fontspec)                 
(fontspec)                 The current font is "\TU/lmr/m/n/10 ".
(fontspec)                  The requested feature is "LetterSpace=10". 

[3]
Overfull \hbox (465.0pt too wide) in paragraph at lines 332--332
[]\TU/lmtt/m/n/10 ## Inference for Bugs model at "/home/elildojr/Documents/r/Pr
ograma-Monitora-Florestal-Global/encontro_saberes/ouro_preto/ssm.jags", fit usi
ng jags,[] 
 []


Overfull \hbox (87.0pt too wide) in paragraph at lines 332--332
[]\TU/lmtt/m/n/10 ##  3 chains, each with 25000 iterations (first 10000 discard
ed), n.thin = 3[] 
 []


Overfull \hbox (60.75pt too wide) in paragraph at lines 332--332
[]\TU/lmtt/m/n/10 ##             mu.vect sd.vect  2.5%   25%   50%   75% 97.5% 
Rhat n.eff[] 
 []


Overfull \hbox (60.75pt too wide) in paragraph at lines 332--332
[]\TU/lmtt/m/n/10 ## N.est[1,1]     0.11    0.11  0.02  0.05  0.08  0.14  0.38 
1.00  4500[] 
 []


Overfull \hbox (60.75pt too wide) in paragraph at lines 332--332
[]\TU/lmtt/m/n/10 ## N.est[2,1]     0.29    0.30  0.04  0.12  0.21  0.36  1.04 
1.00  5800[] 
 []


Overfull \hbox (60.75pt too wide) in paragraph at lines 332--332
[]\TU/lmtt/m/n/10 ## N.est[3,1]     0.01    0.01  0.00  0.00  0.01  0.01  0.03 
1.00  8700[] 
 []


Overfull \hbox (60.75pt too wide) in paragraph at lines 332--332
[]\TU/lmtt/m/n/10 ## N.est[1,2]     0.11    0.08  0.03  0.06  0.09  0.14  0.31 
1.00 15000[] 
 []


Overfull \hbox (60.75pt too wide) in paragraph at lines 332--332
[]\TU/lmtt/m/n/10 ## N.est[2,2]     0.10    0.07  0.02  0.05  0.08  0.13  0.29 
1.00 15000[] 
 []


Overfull \hbox (60.75pt too wide) in paragraph at lines 332--332
[]\TU/lmtt/m/n/10 ## N.est[3,2]     0.05    0.04  0.01  0.03  0.04  0.06  0.15 
1.00 15000[] 
 []


Overfull \hbox (60.75pt too wide) in paragraph at lines 332--332
[]\TU/lmtt/m/n/10 ## N.est[1,3]     0.09    0.06  0.02  0.05  0.07  0.11  0.23 
1.00 15000[] 
 []


Overfull \hbox (60.75pt too wide) in paragraph at lines 332--332
[]\TU/lmtt/m/n/10 ## N.est[2,3]     0.04    0.03  0.01  0.02  0.03  0.05  0.12 
1.00 15000[] 
 []


Overfull \hbox (60.75pt too wide) in paragraph at lines 332--332
[]\TU/lmtt/m/n/10 ## N.est[3,3]     0.13    0.09  0.03  0.07  0.11  0.17  0.37 
1.00 15000[] 
 []


Overfull \hbox (60.75pt too wide) in paragraph at lines 332--332
[]\TU/lmtt/m/n/10 ## N.est[1,4]     0.06    0.05  0.02  0.03  0.05  0.08  0.19 
1.00 15000[] 
 []


Overfull \hbox (60.75pt too wide) in paragraph at lines 332--332
[]\TU/lmtt/m/n/10 ## N.est[2,4]     0.01    0.01  0.00  0.00  0.01  0.01  0.02 
1.00 15000[] 
 []


Overfull \hbox (60.75pt too wide) in paragraph at lines 332--332
[]\TU/lmtt/m/n/10 ## N.est[3,4]     0.22    0.15  0.05  0.12  0.18  0.28  0.61 
1.00 15000[] 
 []


Overfull \hbox (60.75pt too wide) in paragraph at lines 332--332
[]\TU/lmtt/m/n/10 ## N.est[1,5]     0.04    0.04  0.01  0.02  0.03  0.05  0.14 
1.00 15000[] 
 []


Overfull \hbox (60.75pt too wide) in paragraph at lines 332--332
[]\TU/lmtt/m/n/10 ## N.est[2,5]     0.00    0.00  0.00  0.00  0.00  0.00  0.00 
1.00  3400[] 
 []


Overfull \hbox (60.75pt too wide) in paragraph at lines 332--332
[]\TU/lmtt/m/n/10 ## N.est[3,5]     0.27    0.25  0.04  0.11  0.19  0.33  0.96 
1.00 14000[] 
 []


Overfull \hbox (60.75pt too wide) in paragraph at lines 332--332
[]\TU/lmtt/m/n/10 ## mean.r[1]     -0.25    0.53 -1.29 -0.60 -0.25  0.11  0.81 
1.00  5800[] 
 []


Overfull \hbox (60.75pt too wide) in paragraph at lines 332--332
[]\TU/lmtt/m/n/10 ## mean.r[2]     -1.81    0.53 -2.87 -2.17 -1.81 -1.45 -0.76 
1.00  2300[] 
 []


Overfull \hbox (60.75pt too wide) in paragraph at lines 332--332
[]\TU/lmtt/m/n/10 ## mean.r[3]      0.85    0.54 -0.20  0.50  0.85  1.21  1.90 
1.00  9900[] 
 []


Overfull \hbox (60.75pt too wide) in paragraph at lines 332--332
[]\TU/lmtt/m/n/10 ## mean_N[1]      0.14    0.11  0.03  0.07  0.11  0.17  0.40 
1.00 15000[] 
 []


Overfull \hbox (60.75pt too wide) in paragraph at lines 332--332
[]\TU/lmtt/m/n/10 ## mean_N[2]      0.09    0.04  0.04  0.06  0.08  0.11  0.18 
1.00 15000[] 
 []


Overfull \hbox (60.75pt too wide) in paragraph at lines 332--332
[]\TU/lmtt/m/n/10 ## mean_N[3]      0.09    0.04  0.04  0.06  0.08  0.11  0.18 
1.00 15000[] 
 []


Overfull \hbox (60.75pt too wide) in paragraph at lines 332--332
[]\TU/lmtt/m/n/10 ## mean_N[4]      0.10    0.05  0.03  0.06  0.09  0.12  0.23 
1.00 14000[] 
 []


Overfull \hbox (60.75pt too wide) in paragraph at lines 332--332
[]\TU/lmtt/m/n/10 ## mean_N[5]      0.10    0.09  0.02  0.05  0.08  0.13  0.33 
1.00 14000[] 
 []


Overfull \hbox (60.75pt too wide) in paragraph at lines 332--332
[]\TU/lmtt/m/n/10 ## r[1,1]         0.13    0.74 -1.32 -0.36  0.13  0.63  1.58 
1.00  2800[] 
 []


Overfull \hbox (60.75pt too wide) in paragraph at lines 332--332
[]\TU/lmtt/m/n/10 ## r[2,1]        -0.93    0.74 -2.38 -1.44 -0.94 -0.42  0.53 
1.00  3900[] 
 []


Package fontspec Warning: \addfontfeature(s) ignored on line 332; it cannot be
(fontspec)                used with a font that wasn't selected by a fontspec
(fontspec)                command.
(fontspec)                 
(fontspec)                 The current font is "\TU/lmr/m/n/10 ".
(fontspec)                  The requested feature is "LetterSpace=10". 

[4]
Overfull \hbox (60.75pt too wide) in paragraph at lines 332--332
[]\TU/lmtt/m/n/10 ## r[3,1]         1.88    0.76  0.43  1.35  1.87  2.41  3.40 
1.00 10000[] 
 []


Overfull \hbox (60.75pt too wide) in paragraph at lines 332--332
[]\TU/lmtt/m/n/10 ## r[1,2]        -0.25    0.68 -1.59 -0.70 -0.25  0.20  1.09 
1.00 15000[] 
 []


Overfull \hbox (60.75pt too wide) in paragraph at lines 332--332
[]\TU/lmtt/m/n/10 ## r[2,2]        -0.87    0.70 -2.23 -1.36 -0.88 -0.39  0.52 
1.00 15000[] 
 []


Overfull \hbox (60.75pt too wide) in paragraph at lines 332--332
[]\TU/lmtt/m/n/10 ## r[3,2]         0.98    0.68 -0.36  0.53  0.97  1.42  2.31 
1.00 15000[] 
 []


Overfull \hbox (60.75pt too wide) in paragraph at lines 332--332
[]\TU/lmtt/m/n/10 ## r[1,3]        -0.30    0.68 -1.64 -0.76 -0.30  0.15  1.04 
1.00 15000[] 
 []


Overfull \hbox (60.75pt too wide) in paragraph at lines 332--332
[]\TU/lmtt/m/n/10 ## r[2,3]        -1.82    0.67 -3.12 -2.27 -1.81 -1.38 -0.48 
1.00 15000[] 
 []


Overfull \hbox (60.75pt too wide) in paragraph at lines 332--332
[]\TU/lmtt/m/n/10 ## r[3,3]         0.48    0.67 -0.85  0.02  0.49  0.93  1.79 
1.00 15000[] 
 []


Overfull \hbox (60.75pt too wide) in paragraph at lines 332--332
[]\TU/lmtt/m/n/10 ## r[1,4]        -0.57    0.74 -2.04 -1.06 -0.56 -0.06  0.87 
1.00 15000[] 
 []


Overfull \hbox (60.75pt too wide) in paragraph at lines 332--332
[]\TU/lmtt/m/n/10 ## r[2,4]        -3.64    0.86 -5.30 -4.22 -3.64 -3.06 -1.94 
1.00  5900[] 
 []


Overfull \hbox (60.75pt too wide) in paragraph at lines 332--332
[]\TU/lmtt/m/n/10 ## r[3,4]         0.07    0.76 -1.42 -0.44  0.08  0.59  1.55 
1.00 15000[] 
 []


Overfull \hbox (60.75pt too wide) in paragraph at lines 332--332
[]\TU/lmtt/m/n/10 ## sigma2.obs     0.86    0.12  0.54  0.79  0.89  0.95  1.00 
1.00 12000[] 
 []


Overfull \hbox (60.75pt too wide) in paragraph at lines 332--332
[]\TU/lmtt/m/n/10 ## sigma2.proc    0.77    0.20  0.25  0.68  0.83  0.93  0.99 
1.02  1200[] 
 []


Overfull \hbox (60.75pt too wide) in paragraph at lines 332--332
[]\TU/lmtt/m/n/10 ## deviance      50.82    7.13 38.20 45.88 50.36 55.25 66.10 
1.00  3800[] 
 []


Overfull \hbox (71.25pt too wide) in paragraph at lines 332--332
[]\TU/lmtt/m/n/10 ## For each parameter, n.eff is a crude measure of effective 
sample size,[] 
 []


Overfull \hbox (92.25pt too wide) in paragraph at lines 332--332
[]\TU/lmtt/m/n/10 ## and Rhat is the potential scale reduction factor (at conve
rgence, Rhat=1).[] 
 []


Overfull \hbox (97.5pt too wide) in paragraph at lines 332--332
[]\TU/lmtt/m/n/10 ## DIC is an estimate of expected predictive error (lower dev
iance is better).[] 
 []


Overfull \hbox (113.25pt too wide) in paragraph at lines 346--346
[]\TU/lmtt/m/n/10 ## Warning in include_graphics(here("encontro_saberes", "ouro
_preto", "Dasyprocta[] 
 []


Overfull \hbox (113.25pt too wide) in paragraph at lines 346--346
[]\TU/lmtt/m/n/10 ## fuliginosa 2017 a 2021.jpeg")): It is highly recommended t
o use relative paths[] 
 []


Overfull \hbox (87.0pt too wide) in paragraph at lines 346--346
[]\TU/lmtt/m/n/10 ## for images. You had absolute paths: "/home/elildojr/Docume
nts/r/Programa-[] 
 []


Overfull \hbox (123.75pt too wide) in paragraph at lines 346--346
[]\TU/lmtt/m/n/10 ## Monitora-Florestal-Global/encontro_saberes/ouro_preto/Dasy
procta fuliginosa 2017[] 
 []

File: /home/elildojr/Documents/r/Programa-Monitora-Florestal-Global/encontro_sa
beres/ouro_preto/Dasyprocta fuliginosa 2017 a 2021.jpeg Graphic file (type bmp)

</home/elildojr/Documents/r/Programa-Monitora-Florestal-Global/encontro_saberes
/ouro_preto/Dasyprocta fuliginosa 2017 a 2021.jpeg>

Overfull \hbox (674.41202pt too wide) in paragraph at lines 349--350
[][]
 []


Underfull \hbox (badness 10000) in paragraph at lines 349--350

 []

! Missing $ inserted.
<inserted text> 
                $
l.350 \end{figure}
                   
Here is how much of TeX's memory you used:
 17373 strings out of 481804
 306559 string characters out of 5937876
 652109 words of memory out of 5000000
 34005 multiletter control sequences out of 15000+600000
 534920 words of font info for 48 fonts, out of 8000000 for 9000
 14 hyphenation exceptions out of 8191
 62i,11n,58p,516b,466s stack positions out of 5000i,500n,10000p,200000b,80000s

Output written on encontro_saberes_ouro_preto_handout.pdf (4 pages).
